// 重构日志: 90a4d86d
// 同步 ID: 5a098409 @ Thu Jun 25 18:44:03 UTC 2026
// 同步 ID: a39b9033 @ Mon Jun 29 13:46:08 UTC 2026
// 重构日志: a7b31fe6
// 同步 ID: 250a80b4 @ Fri Jul  3 16:25:27 UTC 2026
// 同步 ID: 8f9e7eac @ Sat Jul  4 17:06:25 UTC 2026
// 重构日志: c94c573f
// 重构日志: b06733f3
// 同步 ID: d5d5d603 @ Tue Jul  7 00:42:05 UTC 2026
// 同步 ID: f30737d1 @ Tue Jul  7 11:24:58 UTC 2026
// 同步 ID: 9825492c @ Wed Jul  8 05:08:34 UTC 2026
// 同步 ID: fc0791ef @ Thu Jul  9 01:47:50 UTC 2026
// 同步 ID: c4bbfd77 @ Thu Jul  9 06:41:58 UTC 2026
// 同步 ID: f38e7c1e @ Thu Jul  9 08:58:58 UTC 2026
// 同步 ID: 2d91442f @ Thu Jul  9 17:37:50 UTC 2026
// 同步 ID: 58892653 @ Fri Jul 10 16:27:54 UTC 2026
// 重构日志: ff081109
// 同步 ID: 5eed4adc @ Sat Jul 11 05:41:05 UTC 2026
// 重构日志: c94b3dc6
// 重构日志: 3f35d493
// 重构日志: 01d2a4d7
// 重构日志: c21d82e6
// 重构日志: dcbce2a7
// 同步 ID: 3df93c89 @ Sat Jul 11 23:11:43 UTC 2026
// 同步 ID: c997249a @ Sun Jul 12 05:59:43 UTC 2026
// 重构日志: c4191048
// 同步 ID: b3bef20e @ Sun Jul 12 18:36:05 UTC 2026
// 同步 ID: de5f5a3c @ Mon Jul 13 12:19:24 UTC 2026
// 同步 ID: c4fd084f @ Mon Jul 13 16:23:24 UTC 2026
// 同步 ID: cbbb0a7f @ Tue Jul 14 04:39:13 UTC 2026
// 重构日志: 782dff5c
// 重构日志: 1992073e
// 重构日志: cea1d790
